This is pdfTeX, Version 3.14159265-2.6-1.40.20 (TeX Live 2019/Arch Linux) (preloaded format=pdflatex 2020.5.9)  16 MAY 2020 20:13
entering extended mode
 restricted \write18 enabled.
 %&-line parsing enabled.
**exam01_2020.tex
(./exam01_2020.tex
LaTeX2e <2019-10-01> patch level 1
(/usr/share/texmf-dist/tex/latex/base/article.cls
Document Class: article 2019/08/27 v1.4j Standard LaTeX document class
(/usr/share/texmf-dist/tex/latex/base/size12.clo
File: size12.clo 2019/08/27 v1.4j Standard LaTeX file (size option)
)
\c@part=\count80
\c@section=\count81
\c@subsection=\count82
\c@subsubsection=\count83
\c@paragraph=\count84
\c@subparagraph=\count85
\c@figure=\count86
\c@table=\count87
\abovecaptionskip=\skip41
\belowcaptionskip=\skip42
\bibindent=\dimen102
)
(/usr/share/texmf-dist/tex/latex/amsmath/amsmath.sty
Package: amsmath 2019/04/01 v2.17c AMS math features
\@mathmargin=\skip43

For additional information on amsmath, use the `?' option.
(/usr/share/texmf-dist/tex/latex/amsmath/amstext.sty
Package: amstext 2000/06/29 v2.01 AMS text

(/usr/share/texmf-dist/tex/latex/amsmath/amsgen.sty
File: amsgen.sty 1999/11/30 v2.0 generic functions
\@emptytoks=\toks14
\ex@=\dimen103
))
(/usr/share/texmf-dist/tex/latex/amsmath/amsbsy.sty
Package: amsbsy 1999/11/29 v1.2d Bold Symbols
\pmbraise@=\dimen104
)
(/usr/share/texmf-dist/tex/latex/amsmath/amsopn.sty
Package: amsopn 2016/03/08 v2.02 operator names
)
\inf@bad=\count88
LaTeX Info: Redefining \frac on input line 227.
\uproot@=\count89
\leftroot@=\count90
LaTeX Info: Redefining \overline on input line 389.
\classnum@=\count91
\DOTSCASE@=\count92
LaTeX Info: Redefining \ldots on input line 486.
LaTeX Info: Redefining \dots on input line 489.
LaTeX Info: Redefining \cdots on input line 610.
\Mathstrutbox@=\box27
\strutbox@=\box28
\big@size=\dimen105
LaTeX Font Info:    Redeclaring font encoding OML on input line 733.
LaTeX Font Info:    Redeclaring font encoding OMS on input line 734.
\macc@depth=\count93
\c@MaxMatrixCols=\count94
\dotsspace@=\muskip10
\c@parentequation=\count95
\dspbrk@lvl=\count96
\tag@help=\toks15
\row@=\count97
\column@=\count98
\maxfields@=\count99
\andhelp@=\toks16
\eqnshift@=\dimen106
\alignsep@=\dimen107
\tagshift@=\dimen108
\tagwidth@=\dimen109
\totwidth@=\dimen110
\lineht@=\dimen111
\@envbody=\toks17
\multlinegap=\skip44
\multlinetaggap=\skip45
\mathdisplay@stack=\toks18
LaTeX Info: Redefining \[ on input line 2855.
LaTeX Info: Redefining \] on input line 2856.
)
(/usr/share/texmf-dist/tex/latex/graphics/graphicx.sty
Package: graphicx 2017/06/01 v1.1a Enhanced LaTeX Graphics (DPC,SPQR)

(/usr/share/texmf-dist/tex/latex/graphics/keyval.sty
Package: keyval 2014/10/28 v1.15 key=value parser (DPC)
\KV@toks@=\toks19
)
(/usr/share/texmf-dist/tex/latex/graphics/graphics.sty
Package: graphics 2019/10/08 v1.3c Standard LaTeX Graphics (DPC,SPQR)

(/usr/share/texmf-dist/tex/latex/graphics/trig.sty
Package: trig 2016/01/03 v1.10 sin cos tan (DPC)
)
(/usr/share/texmf-dist/tex/latex/graphics-cfg/graphics.cfg
File: graphics.cfg 2016/06/04 v1.11 sample graphics configuration
)
Package graphics Info: Driver file: pdftex.def on input line 105.

(/usr/share/texmf-dist/tex/latex/graphics-def/pdftex.def
File: pdftex.def 2018/01/08 v1.0l Graphics/color driver for pdftex
))
\Gin@req@height=\dimen112
\Gin@req@width=\dimen113
)
(/usr/share/texmf-dist/tex/latex/tools/dcolumn.sty
Package: dcolumn 2014/10/28 v1.06 decimal alignment package (DPC)

(/usr/share/texmf-dist/tex/latex/tools/array.sty
Package: array 2019/08/31 v2.4l Tabular extension package (FMi)
\col@sep=\dimen114
\ar@mcellbox=\box29
\extrarowheight=\dimen115
\NC@list=\toks20
\extratabsurround=\skip46
\backup@length=\skip47
\ar@cellbox=\box30
))
(/usr/share/texmf-dist/tex/latex/tools/bm.sty
Package: bm 2019/07/24 v1.2d Bold Symbol Support (DPC/FMi)
\symboldoperators=\mathgroup4
\symboldletters=\mathgroup5
\symboldsymbols=\mathgroup6
LaTeX Font Info:    Redeclaring math alphabet \mathbf on input line 141.
LaTeX Info: Redefining \bm on input line 209.
)
(/usr/share/texmf-dist/tex/latex/hyperref/hyperref.sty
Package: hyperref 2019/09/28 v7.00a Hypertext links for LaTeX

(/usr/share/texmf-dist/tex/generic/oberdiek/hobsub-hyperref.sty
Package: hobsub-hyperref 2016/05/16 v1.14 Bundle oberdiek, subset hyperref (HO)


(/usr/share/texmf-dist/tex/generic/oberdiek/hobsub-generic.sty
Package: hobsub-generic 2016/05/16 v1.14 Bundle oberdiek, subset generic (HO)
Package: hobsub 2016/05/16 v1.14 Construct package bundles (HO)
Package: infwarerr 2016/05/16 v1.4 Providing info/warning/error messages (HO)
Package: ltxcmds 2016/05/16 v1.23 LaTeX kernel commands for general use (HO)
Package: ifluatex 2016/05/16 v1.4 Provides the ifluatex switch (HO)
Package ifluatex Info: LuaTeX not detected.
Package: ifvtex 2016/05/16 v1.6 Detect VTeX and its facilities (HO)
Package ifvtex Info: VTeX not detected.
Package: intcalc 2016/05/16 v1.2 Expandable calculations with integers (HO)
Package: ifpdf 2018/09/07 v3.3 Provides the ifpdf switch
Package: etexcmds 2016/05/16 v1.6 Avoid name clashes with e-TeX commands (HO)
Package: kvsetkeys 2016/05/16 v1.17 Key value parser (HO)
Package: kvdefinekeys 2016/05/16 v1.4 Define keys (HO)
Package: pdftexcmds 2019/07/25 v0.30 Utility functions of pdfTeX for LuaTeX (HO
)
Package pdftexcmds Info: LuaTeX not detected.
Package pdftexcmds Info: \pdf@primitive is available.
Package pdftexcmds Info: \pdf@ifprimitive is available.
Package pdftexcmds Info: \pdfdraftmode found.
Package: pdfescape 2016/05/16 v1.14 Implements pdfTeX's escape features (HO)
Package: bigintcalc 2016/05/16 v1.4 Expandable calculations on big integers (HO
)
Package: bitset 2016/05/16 v1.2 Handle bit-vector datatype (HO)
Package: uniquecounter 2016/05/16 v1.3 Provide unlimited unique counter (HO)
)
Package hobsub Info: Skipping package `hobsub' (already loaded).
Package: letltxmacro 2016/05/16 v1.5 Let assignment for LaTeX macros (HO)
Package: hopatch 2016/05/16 v1.3 Wrapper for package hooks (HO)
Package: xcolor-patch 2016/05/16 xcolor patch
Package: atveryend 2016/05/16 v1.9 Hooks at the very end of document (HO)
Package atveryend Info: \enddocument detected (standard20110627).
Package: atbegshi 2016/06/09 v1.18 At begin shipout hook (HO)
Package: refcount 2016/05/16 v3.5 Data extraction from label references (HO)
Package: hycolor 2016/05/16 v1.8 Color options for hyperref/bookmark (HO)
)
(/usr/share/texmf-dist/tex/generic/ifxetex/ifxetex.sty
Package: ifxetex 2010/09/12 v0.6 Provides ifxetex conditional
)
(/usr/share/texmf-dist/tex/latex/oberdiek/auxhook.sty
Package: auxhook 2016/05/16 v1.4 Hooks for auxiliary files (HO)
)
(/usr/share/texmf-dist/tex/latex/oberdiek/kvoptions.sty
Package: kvoptions 2016/05/16 v3.12 Key value format for package options (HO)
)
\@linkdim=\dimen116
\Hy@linkcounter=\count100
\Hy@pagecounter=\count101

(/usr/share/texmf-dist/tex/latex/hyperref/pd1enc.def
File: pd1enc.def 2019/09/28 v7.00a Hyperref: PDFDocEncoding definition (HO)
Now handling font encoding PD1 ...
... no UTF-8 mapping file for font encoding PD1
)
\Hy@SavedSpaceFactor=\count102

(/usr/share/texmf-dist/tex/latex/latexconfig/hyperref.cfg
File: hyperref.cfg 2002/06/06 v1.2 hyperref configuration of TeXLive
)
Package hyperref Info: Hyper figures OFF on input line 4540.
Package hyperref Info: Link nesting OFF on input line 4545.
Package hyperref Info: Hyper index ON on input line 4548.
Package hyperref Info: Plain pages OFF on input line 4555.
Package hyperref Info: Backreferencing OFF on input line 4560.
Package hyperref Info: Implicit mode ON; LaTeX internals redefined.
Package hyperref Info: Bookmarks ON on input line 4793.
\c@Hy@tempcnt=\count103

(/usr/share/texmf-dist/tex/latex/url/url.sty
\Urlmuskip=\muskip11
Package: url 2013/09/16  ver 3.4  Verb mode for urls, etc.
)
LaTeX Info: Redefining \url on input line 5152.
\XeTeXLinkMargin=\dimen117
\Fld@menulength=\count104
\Field@Width=\dimen118
\Fld@charsize=\dimen119
Package hyperref Info: Hyper figures OFF on input line 6423.
Package hyperref Info: Link nesting OFF on input line 6428.
Package hyperref Info: Hyper index ON on input line 6431.
Package hyperref Info: backreferencing OFF on input line 6438.
Package hyperref Info: Link coloring OFF on input line 6443.
Package hyperref Info: Link coloring with OCG OFF on input line 6448.
Package hyperref Info: PDF/A mode OFF on input line 6453.
LaTeX Info: Redefining \ref on input line 6493.
LaTeX Info: Redefining \pageref on input line 6497.
\Hy@abspage=\count105
\c@Item=\count106
\c@Hfootnote=\count107
)
Package hyperref Info: Driver (autodetected): hpdftex.

(/usr/share/texmf-dist/tex/latex/hyperref/hpdftex.def
File: hpdftex.def 2019/09/28 v7.00a Hyperref driver for pdfTeX
\Fld@listcount=\count108
\c@bookmark@seq@number=\count109

(/usr/share/texmf-dist/tex/latex/oberdiek/rerunfilecheck.sty
Package: rerunfilecheck 2016/05/16 v1.8 Rerun checks for auxiliary files (HO)
Package uniquecounter Info: New unique counter `rerunfilecheck' on input line 2
82.
)
\Hy@SectionHShift=\skip48
)
(/usr/share/texmf-dist/tex/latex/multirow/multirow.sty
Package: multirow 2019/05/31 v2.5 Span multiple rows of a table
\multirow@colwidth=\skip49
\multirow@cntb=\count110
\multirow@dima=\skip50
\bigstrutjot=\dimen120
)
(/usr/share/texmf-dist/tex/latex/booktabs/booktabs.sty
Package: booktabs 2019/10/08 v1.6180339 publication quality tables
\heavyrulewidth=\dimen121
\lightrulewidth=\dimen122
\cmidrulewidth=\dimen123
\belowrulesep=\dimen124
\belowbottomsep=\dimen125
\aboverulesep=\dimen126
\abovetopsep=\dimen127
\cmidrulesep=\dimen128
\cmidrulekern=\dimen129
\defaultaddspace=\dimen130
\@cmidla=\count111
\@cmidlb=\count112
\@aboverulesep=\dimen131
\@belowrulesep=\dimen132
\@thisruleclass=\count113
\@lastruleclass=\count114
\@thisrulewidth=\dimen133
)
(/usr/share/texmf-dist/tex/latex/ctable/ctable.sty
Package: ctable 2015/10/17 v1.31 ctable package for flexible typesetting of tab
le and figure floats using key/value directives

(/usr/share/texmf-dist/tex/latex/etoolbox/etoolbox.sty
Package: etoolbox 2019/09/21 v2.5h e-TeX tools for LaTeX (JAW)
\etb@tempcnta=\count115
)
(/usr/share/texmf-dist/tex/latex/xcolor/xcolor.sty
Package: xcolor 2016/05/11 v2.12 LaTeX color extensions (UK)

(/usr/share/texmf-dist/tex/latex/graphics-cfg/color.cfg
File: color.cfg 2016/01/02 v1.6 sample color configuration
)
Package xcolor Info: Driver file: pdftex.def on input line 225.
Package xcolor Info: Model `cmy' substituted by `cmy0' on input line 1348.
Package xcolor Info: Model `hsb' substituted by `rgb' on input line 1352.
Package xcolor Info: Model `RGB' extended on input line 1364.
Package xcolor Info: Model `HTML' substituted by `rgb' on input line 1366.
Package xcolor Info: Model `Hsb' substituted by `hsb' on input line 1367.
Package xcolor Info: Model `tHsb' substituted by `hsb' on input line 1368.
Package xcolor Info: Model `HSB' substituted by `hsb' on input line 1369.
Package xcolor Info: Model `Gray' substituted by `gray' on input line 1370.
Package xcolor Info: Model `wave' substituted by `hsb' on input line 1371.
)
(/usr/share/texmf-dist/tex/latex/xkeyval/xkeyval.sty
Package: xkeyval 2014/12/03 v2.7a package option processing (HA)

(/usr/share/texmf-dist/tex/generic/xkeyval/xkeyval.tex
(/usr/share/texmf-dist/tex/generic/xkeyval/xkvutils.tex
\XKV@toks=\toks21
\XKV@tempa@toks=\toks22
)
\XKV@depth=\count116
File: xkeyval.tex 2014/12/03 v2.7a key=value parser (HA)
))
(/usr/share/texmf-dist/tex/latex/tools/tabularx.sty
Package: tabularx 2016/02/03 v2.11b `tabularx' package (DPC)
\TX@col@width=\dimen134
\TX@old@table=\dimen135
\TX@old@col=\dimen136
\TX@target=\dimen137
\TX@delta=\dimen138
\TX@cols=\count117
\TX@ftn=\toks23
)
(/usr/share/texmf-dist/tex/latex/graphics/rotating.sty
Package: rotating 2016/08/11 v2.16d rotated objects in LaTeX

(/usr/share/texmf-dist/tex/latex/base/ifthen.sty
Package: ifthen 2014/09/29 v1.1c Standard LaTeX ifthen package (DPC)
)
\c@r@tfl@t=\count118
\rotFPtop=\skip51
\rotFPbot=\skip52
\rot@float@box=\box31
\rot@mess@toks=\toks24
)
(/usr/share/texmf-dist/tex/latex/oberdiek/transparent.sty
Package: transparent 2018/11/18 v1.3 Transparency via pdfTeX's color stack (HO)

)
\@CTframesep=\dimen139
\@dfltCTframesep=\dimen140
\@CTframerule=\dimen141
\@dfltCTframerule=\dimen142
\@CTwidth=\dimen143
\@dfltCTwidth=\dimen144
\@CTcaptionskip=\dimen145
\@dfltCTcaptionskip=\dimen146
\@CTmaxwidth=\dimen147
\@dfltCTmaxwidth=\dimen148
\@CTmincapwidth=\dimen149
\@dfltCTmincapwidth=\dimen150
\@CTfooterwidth=\dimen151
\@dfltCTfooterwidth=\dimen152
\@CTw=\dimen153
\@CTfloatwidth=\dimen154
\@CToldsep=\dimen155
\@CToldrule=\dimen156
\CT@t=\box32
\@CTcurftwidth=\dimen157
)
(/usr/share/texmf-dist/tex/latex/was/upgreek.sty
Package: upgreek 2003/02/12 v2.0 (WaS)
Package upgreek Info: Using Euler Roman for upright Greek on input line 31.
\symugrf@m=\mathgroup7
LaTeX Font Info:    Overwriting symbol font `ugrf@m' in version `bold'
(Font)                  U/eur/m/n --> U/eur/b/n on input line 38.
)
(/usr/share/texmf-dist/tex/latex/jknapltx/mathrsfs.sty
Package: mathrsfs 1996/01/01 Math RSFS package v1.0 (jk)
\symrsfs=\mathgroup8
)
(/usr/share/texmf-dist/tex/latex/amsfonts/amssymb.sty
Package: amssymb 2013/01/14 v3.01 AMS font symbols

(/usr/share/texmf-dist/tex/latex/amsfonts/amsfonts.sty
Package: amsfonts 2013/01/14 v3.01 Basic AMSFonts support
\symAMSa=\mathgroup9
\symAMSb=\mathgroup10
LaTeX Font Info:    Redeclaring math symbol \hbar on input line 98.
LaTeX Font Info:    Overwriting math alphabet `\mathfrak' in version `bold'
(Font)                  U/euf/m/n --> U/euf/b/n on input line 106.
))
(/usr/share/texmf-dist/tex/latex/cancel/cancel.sty
Package: cancel 2013/04/12 v2.2 Cancel math terms
)
(/usr/share/texmf-dist/tex/latex/marginnote/marginnote.sty
Package: marginnote 2018/08/09 v1.4b non floating margin notes for LaTeX
\c@mn@abspage=\count119
)
\myfigwidth=\skip53
\myhalffigwidth=\skip54

(/usr/share/texmf-dist/tex/latex/lineno/lineno.sty
Package: lineno 2005/11/02 line numbers on paragraphs v4.41
\linenopenalty=\count120
\output=\toks25
\linenoprevgraf=\count121
\linenumbersep=\dimen158
\linenumberwidth=\dimen159
\c@linenumber=\count122
\c@pagewiselinenumber=\count123
\c@LN@truepage=\count124
\c@internallinenumber=\count125
\c@internallinenumbers=\count126
\quotelinenumbersep=\dimen160
\bframerule=\dimen161
\bframesep=\dimen162
\bframebox=\box33
LaTeX Info: Redefining \\ on input line 3056.
) (../../Resources/head.tex)
(./exam01_2020.aux)
\openout1 = `exam01_2020.aux'.

LaTeX Font Info:    Checking defaults for OML/cmm/m/it on input line 277.
LaTeX Font Info:    ... okay on input line 277.
LaTeX Font Info:    Checking defaults for T1/cmr/m/n on input line 277.
LaTeX Font Info:    ... okay on input line 277.
LaTeX Font Info:    Checking defaults for OT1/cmr/m/n on input line 277.
LaTeX Font Info:    ... okay on input line 277.
LaTeX Font Info:    Checking defaults for OMS/cmsy/m/n on input line 277.
LaTeX Font Info:    ... okay on input line 277.
LaTeX Font Info:    Checking defaults for OMX/cmex/m/n on input line 277.
LaTeX Font Info:    ... okay on input line 277.
LaTeX Font Info:    Checking defaults for U/cmr/m/n on input line 277.
LaTeX Font Info:    ... okay on input line 277.
LaTeX Font Info:    Checking defaults for PD1/pdf/m/n on input line 277.
LaTeX Font Info:    ... okay on input line 277.
 (/usr/share/texmf-dist/tex/context/base/mkii/supp-pdf.mkii
[Loading MPS to PDF converter (version 2006.09.02).]
\scratchcounter=\count127
\scratchdimen=\dimen163
\scratchbox=\box34
\nofMPsegments=\count128
\nofMParguments=\count129
\everyMPshowfont=\toks26
\MPscratchCnt=\count130
\MPscratchDim=\dimen164
\MPnumerator=\count131
\makeMPintoPDFobject=\count132
\everyMPtoPDFconversion=\toks27
) (/usr/share/texmf-dist/tex/latex/oberdiek/epstopdf-base.sty
Package: epstopdf-base 2016/05/15 v2.6 Base part for package epstopdf

(/usr/share/texmf-dist/tex/latex/oberdiek/grfext.sty
Package: grfext 2016/05/16 v1.2 Manage graphics extensions (HO)
)
Package epstopdf-base Info: Redefining graphics rule for `.eps' on input line 4
38.
Package grfext Info: Graphics extension search list:
(grfext)             [.pdf,.png,.jpg,.mps,.jpeg,.jbig2,.jb2,.PDF,.PNG,.JPG,.JPE
G,.JBIG2,.JB2,.eps]
(grfext)             \AppendGraphicsExtensions on input line 456.

(/usr/share/texmf-dist/tex/latex/latexconfig/epstopdf-sys.cfg
File: epstopdf-sys.cfg 2010/07/13 v1.3 Configuration of (r)epstopdf for TeX Liv
e
))
\AtBeginShipoutBox=\box35
Package hyperref Info: Link coloring OFF on input line 277.

(/usr/share/texmf-dist/tex/latex/hyperref/nameref.sty
Package: nameref 2019/09/16 v2.46 Cross-referencing by name of section

(/usr/share/texmf-dist/tex/generic/oberdiek/gettitlestring.sty
Package: gettitlestring 2016/05/16 v1.5 Cleanup title references (HO)
)
\c@section@level=\count133
)
LaTeX Info: Redefining \ref on input line 277.
LaTeX Info: Redefining \pageref on input line 277.
LaTeX Info: Redefining \nameref on input line 277.

(./exam01_2020.out) (./exam01_2020.out)
\@outlinefile=\write3
\openout3 = `exam01_2020.out'.

</home/shenoy/styles//iisc_logo_new.jpg, id=4, 300.12125pt x 168.63pt>
File: /home/shenoy/styles//iisc_logo_new.jpg Graphic file (type jpg)
<use /home/shenoy/styles//iisc_logo_new.jpg>
Package pdftex.def Info: /home/shenoy/styles//iisc_logo_new.jpg  used on input 
line 279.
(pdftex.def)             Requested size: 64.30957pt x 36.135pt.
LaTeX Font Info:    Trying to load font information for OMS+cmr on input line 2
87.

(/usr/share/texmf-dist/tex/latex/base/omscmr.fd
File: omscmr.fd 2014/09/29 v2.5h Standard LaTeX font definitions
)
LaTeX Font Info:    Font shape `OMS/cmr/m/n' in size <12> not available
(Font)              Font shape `OMS/cmsy/m/n' tried instead on input line 287.

Overfull \hbox (41.54913pt too wide) in paragraph at lines 291--292
[]\OT1/cmr/m/n/12 Your com-pleted scripts should be scanned in \OT1/cmr/bx/n/12
 PDF for-mat\OT1/cmr/m/n/12 , and emailed to  \OT1/cmtt/m/n/12 ph340.qsft@gmail
.com
 []

LaTeX Font Info:    Trying to load font information for U+rsfs on input line 30
5.
(/usr/share/texmf-dist/tex/latex/jknapltx/ursfs.fd
File: ursfs.fd 1998/03/24 rsfs font definition file (jk)
)
LaTeX Font Info:    Trying to load font information for U+msa on input line 305
.

(/usr/share/texmf-dist/tex/latex/amsfonts/umsa.fd
File: umsa.fd 2013/01/14 v3.01 AMS symbols A
)
LaTeX Font Info:    Trying to load font information for U+msb on input line 305
.

(/usr/share/texmf-dist/tex/latex/amsfonts/umsb.fd
File: umsb.fd 2013/01/14 v3.01 AMS symbols B
) [1

{/var/lib/texmf/fonts/map/pdftex/updmap/pdftex.map} </home/shenoy/styles//iisc_
logo_new.jpg>]pdfTeX warning (ext4): destination with the same identifier (name
{equation.0.1}) has been already used, duplicate ignored
<to be read again> 
                   \relax 
l.318 \bea
          \nonpdfTeX warning (ext4): destination with the same identifier (name
{equation.0.1}) has been already used, duplicate ignored
<to be read again> 
                   \relax 
l.318 \bea
          \nonpdfTeX warning (ext4): destination with the same identifier (name
{equation.0.1}) has been already used, duplicate ignored
<to be read again> 
                   \relax 
l.318 \bea
          \nonpdfTeX warning (ext4): destination with the same identifier (name
{equation.0.1}) has been already used, duplicate ignored
<to be read again> 
                   \relax 
l.318 \bea
          \nonpdfTeX warning (ext4): destination with the same identifier (name
{equation.0.1}) has been already used, duplicate ignored
<to be read again> 
                   \relax 
l.329 	\bea
            \nonpdfTeX warning (ext4): destination with the same identifier (na
me{equation.0.1}) has been already used, duplicate ignored
<to be read again> 
                   \relax 
l.329 	\bea
            \nonpdfTeX warning (ext4): destination with the same identifier (na
me{equation.0.1}) has been already used, duplicate ignored
<to be read again> 
                   \relax 
l.329 	\bea
            \nonpdfTeX warning (ext4): destination with the same identifier (na
me{equation.0.1}) has been already used, duplicate ignored
<to be read again> 
                   \relax 
l.329 	\bea
            \non
Overfull \hbox (29.70517pt too wide) in paragraph at lines 342--343
[]\OT1/cmr/m/n/12 Set up the di-a-gram-matic ex-pan-sion for the on-site Green'
s func-toin $\OMS/cmsy/m/n/12 G[]\OT1/cmr/m/n/12 (\OML/cmm/m/it/12 ^^\\OT1/cmr/
m/n/12 ) = \OMS/cmsy/m/n/12 ^^@h\OML/cmm/m/it/12 T[]c[]\OT1/cmr/m/n/12 (\OML/cm
m/m/it/12 ^^\\OT1/cmr/m/n/12 )\OML/cmm/m/it/12 c[]\OT1/cmr/m/n/12 (0)\OMS/cmsy/
m/n/12 i$\OT1/cmr/m/n/12 ,
 []

pdfTeX warning (ext4): destination with the same identifier (name{equation.0.1}
) has been already used, duplicate ignored
<to be read again> 
                   \relax 
l.349 	\bea
            \nonpdfTeX warning (ext4): destination with the same identifier (na
me{equation.0.1}) has been already used, duplicate ignored
<to be read again> 
                   \relax 
l.349 	\bea
            \nonpdfTeX warning (ext4): destination with the same identifier (na
me{equation.0.1}) has been already used, duplicate ignored
<to be read again> 
                   \relax 
l.349 	\bea
            \nonpdfTeX warning (ext4): destination with the same identifier (na
me{equation.0.1}) has been already used, duplicate ignored
<to be read again> 
                   \relax 
l.349 	\bea
            \non [2pdfTeX warning (ext4): destination with the same identifier 
(name{equation.0.1}) has been already used, duplicate ignored

\AtBegShi@Output ...ipout \box \AtBeginShipoutBox 
                                                  \fi \fi 
l.356 	\item C
              onsider $\mu = -2t + t/10$. What is the ground state of the sy...
]pdfTeX warning (ext4): destination with the same identifier (name{equation.0.1
}) has been already used, duplicate ignored
<to be read again> 
                   \relax 
l.358 	\beq
           \nonpdfTeX warning (ext4): destination with the same identifier (nam
e{equation.0.1}) has been already used, duplicate ignored
<to be read again> 
                   \relax 
l.358 	\beq
           \nonpdfTeX warning (ext4): destination with the same identifier (nam
e{equation.0.1}) has been already used, duplicate ignored
<to be read again> 
                   \relax 
l.358 	\beq
           \nonpdfTeX warning (ext4): destination with the same identifier (nam
e{equation.0.1}) has been already used, duplicate ignored
<to be read again> 
                   \relax 
l.358 	\beq
           \nonpdfTeX warning (ext4): destination with the same identifier (nam
e{equation.0.1}) has been already used, duplicate ignored
<to be read again> 
                   \relax 
l.362 	\beq
           \nonpdfTeX warning (ext4): destination with the same identifier (nam
e{equation.0.1}) has been already used, duplicate ignored
<to be read again> 
                   \relax 
l.362 	\beq
           \nonpdfTeX warning (ext4): destination with the same identifier (nam
e{equation.0.1}) has been already used, duplicate ignored
<to be read again> 
                   \relax 
l.362 	\beq
           \nonpdfTeX warning (ext4): destination with the same identifier (nam
e{equation.0.1}) has been already used, duplicate ignored
<to be read again> 
                   \relax 
l.362 	\beq
           \nonpdfTeX warning (ext4): destination with the same identifier (nam
e{equation.0.1}) has been already used, duplicate ignored
<to be read again> 
                   \relax 
l.369 \beq
          \nonpdfTeX warning (ext4): destination with the same identifier (name
{equation.0.1}) has been already used, duplicate ignored
<to be read again> 
                   \relax 
l.369 \beq
          \nonpdfTeX warning (ext4): destination with the same identifier (name
{equation.0.1}) has been already used, duplicate ignored
<to be read again> 
                   \relax 
l.369 \beq
          \nonpdfTeX warning (ext4): destination with the same identifier (name
{equation.0.1}) has been already used, duplicate ignored
<to be read again> 
                   \relax 
l.369 \beq
          \nonpdfTeX warning (ext4): destination with the same identifier (name
{equation.0.1}) has been already used, duplicate ignored
<to be read again> 
                   \relax 
l.374 \beq
          \nonpdfTeX warning (ext4): destination with the same identifier (name
{equation.0.1}) has been already used, duplicate ignored
<to be read again> 
                   \relax 
l.374 \beq
          \nonpdfTeX warning (ext4): destination with the same identifier (name
{equation.0.1}) has been already used, duplicate ignored
<to be read again> 
                   \relax 
l.374 \beq
          \nonpdfTeX warning (ext4): destination with the same identifier (name
{equation.0.1}) has been already used, duplicate ignored
<to be read again> 
                   \relax 
l.374 \beq
          \non
Package atveryend Info: Empty hook `BeforeClearDocument' on input line 385.
 [3]
Package atveryend Info: Empty hook `AfterLastShipout' on input line 385.
 (./exam01_2020.aux)
Package atveryend Info: Executing hook `AtVeryEndDocument' on input line 385.
Package atveryend Info: Executing hook `AtEndAfterFileList' on input line 385.
Package rerunfilecheck Info: File `exam01_2020.out' has not changed.
(rerunfilecheck)             Checksum: D41D8CD98F00B204E9800998ECF8427E;0.
Package atveryend Info: Empty hook `AtVeryVeryEnd' on input line 385.
 ) 
Here is how much of TeX's memory you used:
 8397 strings out of 492167
 113569 string characters out of 6131559
 222780 words of memory out of 5000000
 12589 multiletter control sequences out of 15000+600000
 14478 words of font info for 54 fonts, out of 8000000 for 9000
 1141 hyphenation exceptions out of 8191
 32i,16n,55p,919b,493s stack positions out of 5000i,500n,10000p,200000b,80000s
</usr/share/texmf-dist/fonts/type1/public/amsfonts/cm/cmbx12.pfb></usr/share/
texmf-dist/fonts/type1/public/amsfonts/cm/cmcsc10.pfb></usr/share/texmf-dist/fo
nts/type1/public/amsfonts/cm/cmex10.pfb></usr/share/texmf-dist/fonts/type1/publ
ic/amsfonts/cm/cmmi12.pfb></usr/share/texmf-dist/fonts/type1/public/amsfonts/cm
/cmmi6.pfb></usr/share/texmf-dist/fonts/type1/public/amsfonts/cm/cmmi8.pfb></us
r/share/texmf-dist/fonts/type1/public/amsfonts/cm/cmr12.pfb></usr/share/texmf-d
ist/fonts/type1/public/amsfonts/cm/cmr8.pfb></usr/share/texmf-dist/fonts/type1/
public/amsfonts/cm/cmsl12.pfb></usr/share/texmf-dist/fonts/type1/public/amsfont
s/cm/cmss12.pfb></usr/share/texmf-dist/fonts/type1/public/amsfonts/cm/cmsy10.pf
b></usr/share/texmf-dist/fonts/type1/public/amsfonts/cm/cmsy8.pfb></usr/share/t
exmf-dist/fonts/type1/public/amsfonts/cm/cmti12.pfb></usr/share/texmf-dist/font
s/type1/public/amsfonts/cm/cmtt12.pfb>
Output written on exam01_2020.pdf (3 pages, 165389 bytes).
PDF statistics:
 107 PDF objects out of 1000 (max. 8388607)
 86 compressed objects within 1 object stream
 28 named destinations out of 1000 (max. 500000)
 6 words of extra memory for PDF output out of 10000 (max. 10000000)

